c:\users\manis\source\repos\supermarket\supermarket\x64\debug\vc143.pdb
c:\users\manis\source\repos\supermarket\supermarket\x64\debug\.netframework,version=v4.7.2.assemblyattributes.obj
c:\users\manis\source\repos\supermarket\supermarket\x64\debug\myform.obj
c:\users\manis\source\repos\supermarket\supermarket\x64\debug\buyerwork.obj
c:\users\manis\source\repos\supermarket\supermarket\x64\debug\buyerlogin.obj
c:\users\manis\source\repos\supermarket\supermarket\x64\debug\adminlogin.obj
c:\users\manis\source\repos\supermarket\supermarket\x64\debug\adminwork.obj
c:\users\manis\source\repos\supermarket\x64\debug\supermarket.exe
c:\users\manis\source\repos\supermarket\x64\debug\supermarket.pdb
c:\users\manis\source\repos\supermarket\supermarket\x64\debug\supermarket.tlog\cl.command.1.tlog
c:\users\manis\source\repos\supermarket\supermarket\x64\debug\supermarket.tlog\cl.items.tlog
c:\users\manis\source\repos\supermarket\supermarket\x64\debug\supermarket.tlog\cl.read.1.tlog
c:\users\manis\source\repos\supermarket\supermarket\x64\debug\supermarket.tlog\cl.write.1.tlog
c:\users\manis\source\repos\supermarket\supermarket\x64\debug\supermarket.tlog\link.8948-cvtres.read.1.tlog
c:\users\manis\source\repos\supermarket\supermarket\x64\debug\supermarket.tlog\link.8948-cvtres.write.1.tlog
c:\users\manis\source\repos\supermarket\supermarket\x64\debug\supermarket.tlog\link.8948-rc.read.1.tlog
c:\users\manis\source\repos\supermarket\supermarket\x64\debug\supermarket.tlog\link.8948-rc.write.1.tlog
c:\users\manis\source\repos\supermarket\supermarket\x64\debug\supermarket.tlog\link.8948.read.1.tlog
c:\users\manis\source\repos\supermarket\supermarket\x64\debug\supermarket.tlog\link.8948.read.2.tlog
c:\users\manis\source\repos\supermarket\supermarket\x64\debug\supermarket.tlog\link.8948.write.1.tlog
c:\users\manis\source\repos\supermarket\supermarket\x64\debug\supermarket.tlog\link.command.1.tlog
c:\users\manis\source\repos\supermarket\supermarket\x64\debug\supermarket.tlog\link.read.1.tlog
c:\users\manis\source\repos\supermarket\supermarket\x64\debug\supermarket.tlog\link.read.2.tlog
c:\users\manis\source\repos\supermarket\supermarket\x64\debug\supermarket.tlog\link.write.1.tlog
c:\users\manis\source\repos\supermarket\supermarket\x64\debug\supermarket.tlog\metagen.read.1.tlog
c:\users\manis\source\repos\supermarket\supermarket\x64\debug\supermarket.tlog\metagen.write.1.tlog
c:\users\manis\source\repos\supermarket\supermarket\x64\debug\supermarket.tlog\resgen.command.1.tlog
c:\users\manis\source\repos\supermarket\supermarket\x64\debug\supermarket.tlog\resgen.read.1.tlog
c:\users\manis\source\repos\supermarket\supermarket\x64\debug\supermarket.tlog\resgen.write.1.tlog
